app/build/intermediates/manifest_merge_blame_file/release/manifest-merger-blame-release-report - Copy.txt
1<?xml version="1.0" encoding="utf-8"?>
2<manifest xmlns:android="http://schemas.android.com/apk/res/android"
3    package="com.example.cpgui"
4    android:versionCode="1"
5    android:versionName="1.0" >
6
7    <uses-sdk
8        android:minSdkVersion="21"
8-->src\main\AndroidManifest.xml
9        android:targetSdkVersion="29" />
9-->src\main\AndroidManifest.xml
10
11    <uses-permission android:name="android.permission.ACCESS_FINE_LOCATION" />
11-->src\main\AndroidManifest.xml:4:5-79
11-->src\main\AndroidManifest.xml:4:22-76
12    <uses-permission android:name="android.permission.INTERNET" />
12-->src\main\AndroidManifest.xml:59:5-67
12-->src\main\AndroidManifest.xml:59:22-64
13    <uses-permission android:name="android.permission.ACCESS_WIFI_STATE" /> <!-- Although the *SdkVersion is captured in gradle build files, this is required for non gradle builds -->
13-->[com.google.android.libraries.places:places:2.1.0] AndroidManifest.xml:10:5-76
13-->[com.google.android.libraries.places:places:2.1.0] AndroidManifest.xml:10:22-73
14    <!-- <uses-sdk android:minSdkVersion="14"/> -->
15    <uses-permission android:name="android.permission.ACCESS_NETWORK_STATE" />
15-->[com.google.firebase:firebase-database:19.2.0] AndroidManifest.xml:25:5-79
15-->[com.google.firebase:firebase-database:19.2.0] AndroidManifest.xml:25:22-76
16
17    <uses-feature
17-->[com.google.android.gms:play-services-maps:17.0.0] AndroidManifest.xml:26:5-28:35
18        android:glEsVersion="0x00020000"
18-->[com.google.android.gms:play-services-maps:17.0.0] AndroidManifest.xml:27:9-41
19        android:required="true" />
19-->[com.google.android.gms:play-services-maps:17.0.0] AndroidManifest.xml:28:9-32
20
21    <application
21-->src\main\AndroidManifest.xml:6:5-56:19
22        android:allowBackup="true"
22-->src\main\AndroidManifest.xml:7:9-35
23        android:appComponentFactory="androidx.core.app.CoreComponentFactory"
23-->[androidx.core:core:1.1.0] AndroidManifest.xml:24:18-86
24        android:icon="@mipmap/coll_pool_logo"
24-->src\main\AndroidManifest.xml:8:9-46
25        android:label="Coll-Pool"
25-->src\main\AndroidManifest.xml:9:9-34
26        android:roundIcon="@mipmap/coll_pool_logo_round"
26-->src\main\AndroidManifest.xml:10:9-57
27        android:screenOrientation="portrait"
27-->src\main\AndroidManifest.xml:11:9-45
28        android:supportsRtl="true"
28-->src\main\AndroidManifest.xml:12:9-35
29        android:theme="@style/AppTheme" >
29-->src\main\AndroidManifest.xml:13:9-40
30        <activity android:name="com.example.cpgui.OneTimePass" />
30-->src\main\AndroidManifest.xml:14:9-58
30-->src\main\AndroidManifest.xml:14:19-46
31        <activity android:name="com.example.cpgui.Preference" />
31-->src\main\AndroidManifest.xml:15:9-48
31-->src\main\AndroidManifest.xml:15:19-45
32        <!--
33             The API key for Google Maps-based APIs is defined as a string resource.
34             (See the file "res/values/google_maps_api.xml").
35             Note that the API key is linked to the encryption key used to sign the APK.
36             You need a different API key for each encryption key, including the release key that is used to
37             sign the APK for publishing.
38             You can define the keys for the debug and release targets in src/debug/ and src/release/.
39        -->
40        <activity
40-->src\main\AndroidManifest.xml:24:9-27:52
41            android:name="com.example.cpgui.FinalSpace"
41-->src\main\AndroidManifest.xml:25:13-39
42            android:label="@string/title_activity_final_space"
42-->src\main\AndroidManifest.xml:26:13-63
43            android:screenOrientation="portrait" />
43-->src\main\AndroidManifest.xml:27:13-49
44        <activity
44-->src\main\AndroidManifest.xml:28:9-30:52
45            android:name="com.example.cpgui.SignUpFaculty"
45-->src\main\AndroidManifest.xml:29:13-42
46            android:screenOrientation="portrait" />
46-->src\main\AndroidManifest.xml:30:13-49
47        <activity
47-->src\main\AndroidManifest.xml:31:9-33:52
48            android:name="com.example.cpgui.SignUpPro"
48-->src\main\AndroidManifest.xml:32:13-38
49            android:screenOrientation="portrait" />
49-->src\main\AndroidManifest.xml:33:13-49
50        <activity
50-->src\main\AndroidManifest.xml:34:9-36:52
51            android:name="com.example.cpgui.SignUp"
51-->src\main\AndroidManifest.xml:35:13-35
52            android:screenOrientation="portrait" />
52-->src\main\AndroidManifest.xml:36:13-49
53        <activity
53-->src\main\AndroidManifest.xml:37:9-39:52
54            android:name="com.example.cpgui.activity_login"
54-->src\main\AndroidManifest.xml:38:13-43
55            android:screenOrientation="portrait" />
55-->src\main\AndroidManifest.xml:39:13-49
56        <activity
56-->src\main\AndroidManifest.xml:40:9-48:20
57            android:name="com.example.cpgui.MainActivity"
57-->src\main\AndroidManifest.xml:41:13-41
58            android:screenOrientation="portrait" >
58-->src\main\AndroidManifest.xml:42:13-49
59            <intent-filter>
59-->src\main\AndroidManifest.xml:43:13-47:29
60                <action android:name="android.intent.action.MAIN" />
60-->src\main\AndroidManifest.xml:44:17-69
60-->src\main\AndroidManifest.xml:44:25-66
61
62                <category android:name="android.intent.category.LAUNCHER" />
62-->src\main\AndroidManifest.xml:46:17-77
62-->src\main\AndroidManifest.xml:46:27-74
63            </intent-filter>
64        </activity>
65
66        <meta-data
66-->src\main\AndroidManifest.xml:50:9-52:55
67            android:name="com.google.android.geo.API_KEY"
67-->src\main\AndroidManifest.xml:51:13-58
68            android:value="@string/google_maps_key" />
68-->src\main\AndroidManifest.xml:52:13-52
69        <meta-data
69-->src\main\AndroidManifest.xml:53:9-55:72
70            android:name="io.fabric.ApiKey"
70-->src\main\AndroidManifest.xml:54:13-44
71            android:value="e5bf0450f449f892ff87cc640895ae39935b4551" />
71-->src\main\AndroidManifest.xml:55:13-69
72
73        <activity
73-->[com.google.android.libraries.places:places:2.1.0] AndroidManifest.xml:14:9-20:20
74            android:name="com.google.android.libraries.places.widget.AutocompleteActivity"
74-->[com.google.android.libraries.places:places:2.1.0] AndroidManifest.xml:15:13-91
75            android:exported="false"
75-->[com.google.android.libraries.places:places:2.1.0] AndroidManifest.xml:16:13-37
76            android:label="@string/places_autocomplete_label"
76-->[com.google.android.libraries.places:places:2.1.0] AndroidManifest.xml:17:13-62
77            android:theme="@style/PlacesAutocompleteOverlay"
77-->[com.google.android.libraries.places:places:2.1.0] AndroidManifest.xml:18:13-61
78            android:windowSoftInputMode="adjustResize" >
78-->[com.google.android.libraries.places:places:2.1.0] AndroidManifest.xml:19:13-55
79        </activity>
80
81        <service
81-->[com.google.firebase:firebase-database:19.2.0] AndroidManifest.xml:29:9-35:19
82            android:name="com.google.firebase.components.ComponentDiscoveryService"
82-->[com.google.firebase:firebase-database:19.2.0] AndroidManifest.xml:30:13-84
83            android:directBootAware="true"
83-->[com.google.firebase:firebase-common:19.3.0] AndroidManifest.xml:34:13-43
84            android:exported="false" >
84-->[com.google.firebase:firebase-database:19.2.0] AndroidManifest.xml:31:13-37
85            <meta-data
85-->[com.google.firebase:firebase-database:19.2.0] AndroidManifest.xml:32:13-34:85
86                android:name="com.google.firebase.components:com.google.firebase.database.DatabaseRegistrar"
86-->[com.google.firebase:firebase-database:19.2.0] AndroidManifest.xml:33:17-109
87                android:value="com.google.firebase.components.ComponentRegistrar" />
87-->[com.google.firebase:firebase-database:19.2.0] AndroidManifest.xml:34:17-82
88            <meta-data
88-->[com.google.firebase:firebase-storage:19.1.0] AndroidManifest.xml:33:13-35:85
89                android:name="com.google.firebase.components:com.google.firebase.storage.StorageRegistrar"
89-->[com.google.firebase:firebase-storage:19.1.0] AndroidManifest.xml:34:17-107
90                android:value="com.google.firebase.components.ComponentRegistrar" />
90-->[com.google.firebase:firebase-storage:19.1.0] AndroidManifest.xml:35:17-82
91            <meta-data
91-->[com.google.firebase:firebase-auth:19.2.0] AndroidManifest.xml:36:13-38:85
92                android:name="com.google.firebase.components:com.google.firebase.auth.FirebaseAuthRegistrar"
92-->[com.google.firebase:firebase-auth:19.2.0] AndroidManifest.xml:37:17-109
93                android:value="com.google.firebase.components.ComponentRegistrar" />
93-->[com.google.firebase:firebase-auth:19.2.0] AndroidManifest.xml:38:17-82
94        </service>
95
96        <activity
96-->[com.google.firebase:firebase-auth:19.2.0] AndroidManifest.xml:24:9-31:50
97            android:name="com.google.firebase.auth.internal.FederatedSignInActivity"
97-->[com.google.firebase:firebase-auth:19.2.0] AndroidManifest.xml:25:13-85
98            android:excludeFromRecents="true"
98-->[com.google.firebase:firebase-auth:19.2.0] AndroidManifest.xml:26:13-46
99            android:exported="true"
99-->[com.google.firebase:firebase-auth:19.2.0] AndroidManifest.xml:27:13-36
100            android:launchMode="singleTask"
100-->[com.google.firebase:firebase-auth:19.2.0] AndroidManifest.xml:28:13-44
101            android:permission="com.google.firebase.auth.api.gms.permission.LAUNCH_FEDERATED_SIGN_IN"
101-->[com.google.firebase:firebase-auth:19.2.0] AndroidManifest.xml:29:13-102
102            android:theme="@android:style/Theme.Translucent.NoTitleBar" /> <!-- Needs to be explicitly declared on P+ -->
102-->[com.google.firebase:firebase-auth:19.2.0] AndroidManifest.xml:30:13-72
103        <uses-library
103-->[com.google.android.gms:play-services-maps:17.0.0] AndroidManifest.xml:33:9-35:40
104            android:name="org.apache.http.legacy"
104-->[com.google.android.gms:play-services-maps:17.0.0] AndroidManifest.xml:34:13-50
105            android:required="false" />
105-->[com.google.android.gms:play-services-maps:17.0.0] AndroidManifest.xml:35:13-37
106
107        <activity
107-->[com.google.android.gms:play-services-base:17.1.0] AndroidManifest.xml:23:9-26:75
108            android:name="com.google.android.gms.common.api.GoogleApiActivity"
108-->[com.google.android.gms:play-services-base:17.1.0] AndroidManifest.xml:24:13-79
109            android:exported="false"
109-->[com.google.android.gms:play-services-base:17.1.0] AndroidManifest.xml:25:13-37
110            android:theme="@android:style/Theme.Translucent.NoTitleBar" />
110-->[com.google.android.gms:play-services-base:17.1.0] AndroidManifest.xml:26:13-72
111
112        <provider
112-->[com.google.firebase:firebase-common:19.3.0] AndroidManifest.xml:26:9-30:39
113            android:name="com.google.firebase.provider.FirebaseInitProvider"
113-->[com.google.firebase:firebase-common:19.3.0] AndroidManifest.xml:27:13-77
114            android:authorities="com.example.cpgui.firebaseinitprovider"
114-->[com.google.firebase:firebase-common:19.3.0] AndroidManifest.xml:28:13-72
115            android:exported="false"
115-->[com.google.firebase:firebase-common:19.3.0] AndroidManifest.xml:29:13-37
116            android:initOrder="100" />
116-->[com.google.firebase:firebase-common:19.3.0] AndroidManifest.xml:30:13-36
117
118        <meta-data
118-->[com.google.android.gms:play-services-basement:17.0.0] AndroidManifest.xml:23:9-25:69
119            android:name="com.google.android.gms.version"
119-->[com.google.android.gms:play-services-basement:17.0.0] AndroidManifest.xml:24:13-58
120            android:value="@integer/google_play_services_version" />
120-->[com.google.android.gms:play-services-basement:17.0.0] AndroidManifest.xml:25:13-66
121
122        <provider
122-->[androidx.lifecycle:lifecycle-process:2.1.0] AndroidManifest.xml:23:9-27:43
123            android:name="androidx.lifecycle.ProcessLifecycleOwnerInitializer"
123-->[androidx.lifecycle:lifecycle-process:2.1.0] AndroidManifest.xml:24:13-79
124            android:authorities="com.example.cpgui.lifecycle-process"
124-->[androidx.lifecycle:lifecycle-process:2.1.0] AndroidManifest.xml:25:13-69
125            android:exported="false"
125-->[androidx.lifecycle:lifecycle-process:2.1.0] AndroidManifest.xml:26:13-37
126            android:multiprocess="true" />
126-->[androidx.lifecycle:lifecycle-process:2.1.0] AndroidManifest.xml:27:13-40
127        <provider
127-->[com.crashlytics.sdk.android:crashlytics:2.10.1] AndroidManifest.xml:19:9-23:38
128            android:name="com.crashlytics.android.CrashlyticsInitProvider"
128-->[com.crashlytics.sdk.android:crashlytics:2.10.1] AndroidManifest.xml:20:13-75
129            android:authorities="com.example.cpgui.crashlyticsinitprovider"
129-->[com.crashlytics.sdk.android:crashlytics:2.10.1] AndroidManifest.xml:21:13-75
130            android:exported="false"
130-->[com.crashlytics.sdk.android:crashlytics:2.10.1] AndroidManifest.xml:22:13-37
131            android:initOrder="90" />
131-->[com.crashlytics.sdk.android:crashlytics:2.10.1] AndroidManifest.xml:23:13-35
132    </application>
133
134</manifest>